\BOOKMARK [1][-]{section.0.1}{\376\377\000W\000s\000t\001\031\000p}{}% 1
\BOOKMARK [2][-]{subsection.0.1.1}{\376\377\000C\000e\000l\000\040\000p\000r\000o\000j\000e\000k\000t\000u}{section.0.1}% 2
\BOOKMARK [2][-]{subsection.0.1.2}{\376\377\000Z\000a\000k\000r\000e\000s\000\040\000f\000u\000n\000k\000c\000j\000o\000n\000a\000l\000n\000y\000\040\000s\000y\000s\000t\000e\000m\000u}{section.0.1}% 3
\BOOKMARK [2][-]{subsection.0.1.3}{\376\377\000Z\000a\000s\000t\000o\000s\000o\000w\000a\000n\000e\000\040\000t\000e\000c\000h\000n\000o\000l\000o\000g\000i\000e}{section.0.1}% 4
\BOOKMARK [2][-]{subsection.0.1.4}{\376\377\000S\000t\000r\000u\000k\000t\000u\000r\000a\000\040\000d\000o\000k\000u\000m\000e\000n\000t\000a\000c\000j\000i}{section.0.1}% 5
\BOOKMARK [1][-]{section.0.2}{\376\377\000O\000p\000i\000s\000\040\000p\000r\000o\000j\000e\000k\000t\000u}{}% 6
\BOOKMARK [2][-]{subsection.0.2.1}{\376\377\000C\000e\000l\000\040\000i\000\040\000p\000r\000z\000e\000z\000n\000a\000c\000z\000e\000n\000i\000e}{section.0.2}% 7
\BOOKMARK [2][-]{subsection.0.2.2}{\376\377\000G\001\102\000\363\000w\000n\000e\000\040\000f\000u\000n\000k\000c\000j\000o\000n\000a\000l\000n\000o\001\133\000c\000i}{section.0.2}% 8
\BOOKMARK [2][-]{subsection.0.2.3}{\376\377\000T\000y\000p\000y\000\040\000z\000a\000j\001\031\001\007}{section.0.2}% 9
\BOOKMARK [2][-]{subsection.0.2.4}{\376\377\000Z\000a\000s\000t\000o\000s\000o\000w\000a\000n\000e\000\040\000t\000e\000c\000h\000n\000o\000l\000o\000g\000i\000e}{section.0.2}% 10
\BOOKMARK [1][-]{section.0.3}{\376\377\000I\000m\000p\000l\000e\000m\000e\000n\000t\000a\000c\000j\000a\000\040\000s\000y\000s\000t\000e\000m\000u}{}% 11
\BOOKMARK [2][-]{subsection.0.3.1}{\376\377\000S\000t\000r\000u\000k\000t\000u\000r\000a\000\040\000a\000p\000l\000i\000k\000a\000c\000j\000i}{section.0.3}% 12
\BOOKMARK [1][-]{section.0.4}{\376\377\000O\000p\000i\000s\000\040\000i\000n\000t\000e\000r\000f\000e\000j\000s\000u\000\040\000u\000z\000y\000t\000k\000o\000w\000n\000i\000k\000a}{}% 13
\BOOKMARK [2][-]{subsection.0.4.1}{\376\377\000B\000a\000z\000a\000\040\000d\000a\000n\000y\000c\000h}{section.0.4}% 14
\BOOKMARK [2][-]{subsection.0.4.2}{\376\377\000D\000i\000a\000g\000r\000a\000m\000\040\000B\000a\000z\000a\000\040\000D\000a\000n\000y\000c\000h}{section.0.4}% 15
\BOOKMARK [2][-]{subsection.0.4.3}{\376\377\000I\000n\000t\000e\000r\000f\000e\000j\000s\000\040\000u\001\174\000y\000t\000k\000o\000w\000n\000i\000k\000a}{section.0.4}% 16
\BOOKMARK [2][-]{subsection.0.4.4}{\376\377\000W\000a\000l\000i\000d\000a\000c\000j\000a\000\040\000i\000\040\000b\001\102\001\031\000d\000y}{section.0.4}% 17
\BOOKMARK [2][-]{subsection.0.4.5}{\376\377\000S\000z\000c\000z\000e\000g\000\363\001\102\000o\000w\000y\000\040\000o\000p\000i\000s\000\040\000k\000o\000m\000p\000o\000n\000e\000n\000t\000\363\000w\000\040\000G\000U\000I}{section.0.4}% 18
\BOOKMARK [2][-]{subsection.0.4.6}{\376\377\000D\000i\000a\000g\000r\000a\000m\000\040\000k\000o\000m\000p\000o\000n\000e\000n\000t\000\363\000w\000\040\000G\000U\000I\000\040\000i\000\040\000z\000a\000l\000e\001\174\000n\000o\001\133\000c\000i}{section.0.4}% 19
\BOOKMARK [1][-]{figure.caption.8}{\376\377\000B\000i\000b\000l\000i\000o\000g\000r\000a\000f\000i\000a}{}% 20
\BOOKMARK [1][-]{figure.caption.8}{\376\377\000S\000p\000i\000s\000\040\000r\000y\000s\000u\000n\000k\000\363\000w}{}% 21
\BOOKMARK [1][-]{figure.caption.8}{\376\377\000S\000p\000i\000s\000\040\000t\000a\000b\000e\000l}{}% 22
\BOOKMARK [1][-]{figure.caption.8}{\376\377\000S\000p\000i\000s\000\040\000l\000i\000s\000t\000i\000n\000g\000\363\000w}{}% 23
\BOOKMARK [1][-]{chapter*.10}{\376\377\000O\001\133\000w\000i\000a\000d\000c\000z\000e\000n\000i\000e\000\040\000s\000t\000u\000d\000e\000n\000t\000a\000\040\000o\000\040\000s\000a\000m\000o\000d\000z\000i\000e\000l\000n\000o\001\133\000c\000i\000\040\000p\000r\000a\000c\000y}{}% 24
